GROUP,PACKAGE,CLASS,INSTRUCTION_MISSED,INSTRUCTION_COVERED,BRANCH_MISSED,BRANCH_COVERED,LINE_MISSED,LINE_COVERED,COMPLEXITY_MISSED,COMPLEXITY_COVERED,METHOD_MISSED,METHOD_COVERED
tourguide,com.openclassrooms.tourguide.service,TourGuideService,35,347,6,4,9,83,8,21,4,20
tourguide,com.openclassrooms.tourguide.service,TourGuideService.new Thread() {...},0,11,0,0,0,3,0,2,0,2
tourguide,com.openclassrooms.tourguide.service,RewardsService,15,191,1,11,4,42,3,15,2,10
tourguide,com.openclassrooms.tourguide.tracker,Tracker,5,109,1,3,3,31,1,6,0,5
tourguide,com.openclassrooms.tourguide,TourguideApplication,5,3,0,0,2,1,1,1,1,1
